<?xml version="1.0" encoding="UTF-8"?>
<!-- Generated by org.testng.reporters.JUnitReportReporter -->
<testsuite skipped="0" hostname="vensys110" name="testsuites.RegistrationTest" tests="1" failures="0" timestamp="05 Sep 2018 11:53:47 GMT" time="23.078" errors="0">
  <testcase name="registration" time="23.078" classname="testsuites.RegistrationTest"/>
</testsuite> <!-- testsuites.RegistrationTest -->
