<?xml version="1.0" encoding="UTF-8"?>
<!-- Generated by org.testng.reporters.JUnitReportReporter -->
<testsuite skipped="0" hostname="vensys110" name="testsuites.HomepageTest" tests="2" failures="0" timestamp="05 Sep 2018 11:53:05 GMT" time="24.636" errors="0">
  <testcase name="setDriverr" time="13.405" classname="testsuites.HomepageTest"/>
  <testcase name="clickRegistrationLink" time="11.231" classname="testsuites.HomepageTest"/>
</testsuite> <!-- testsuites.HomepageTest -->
