<?xml version="1.0" encoding="UTF-8"?>
<!-- Generated by org.testng.reporters.JUnitReportReporter -->
<testsuite skipped="0" hostname="vensys110" name="testsuites.DraggableTest" tests="1" failures="0" timestamp="06 Sep 2018 06:36:39 GMT" time="0.015" errors="0">
  <testcase name="drag" time="0.015" classname="testsuites.DraggableTest"/>
</testsuite> <!-- testsuites.DraggableTest -->
